  GameObject.cpp
E:\University\Github\Advanced-Graphics-and-Real-Time-Rendering\Structures.h(124,7): warning C4244: '=': conversion from 'int' to 'float', possible loss of data
E:\University\Github\Advanced-Graphics-and-Real-Time-Rendering\Structures.h(125,7): warning C4244: '=': conversion from 'int' to 'float', possible loss of data
E:\University\Github\Advanced-Graphics-and-Real-Time-Rendering\Structures.h(126,7): warning C4244: '=': conversion from 'int' to 'float', possible loss of data
E:\University\Github\Advanced-Graphics-and-Real-Time-Rendering\RigidBody.h(44,19): warning C4305: 'initializing': truncation from 'double' to 'float'
E:\University\Github\Advanced-Graphics-and-Real-Time-Rendering\ParticleModel.h(220,26): warning C4305: 'initializing': truncation from 'double' to 'float'
E:\University\Github\Advanced-Graphics-and-Real-Time-Rendering\ParticleModel.h(228,26): warning C4305: 'initializing': truncation from 'double' to 'float'
E:\University\Github\Advanced-Graphics-and-Real-Time-Rendering\ParticleModel.h(232,25): warning C4305: 'initializing': truncation from 'double' to 'float'
  GameObjectClass.cpp
E:\University\Github\Advanced-Graphics-and-Real-Time-Rendering\Structures.h(124,7): warning C4244: '=': conversion from 'int' to 'float', possible loss of data
E:\University\Github\Advanced-Graphics-and-Real-Time-Rendering\Structures.h(125,7): warning C4244: '=': conversion from 'int' to 'float', possible loss of data
E:\University\Github\Advanced-Graphics-and-Real-Time-Rendering\Structures.h(126,7): warning C4244: '=': conversion from 'int' to 'float', possible loss of data
E:\University\Github\Advanced-Graphics-and-Real-Time-Rendering\RigidBody.h(44,19): warning C4305: 'initializing': truncation from 'double' to 'float'
E:\University\Github\Advanced-Graphics-and-Real-Time-Rendering\ParticleModel.h(220,26): warning C4305: 'initializing': truncation from 'double' to 'float'
E:\University\Github\Advanced-Graphics-and-Real-Time-Rendering\ParticleModel.h(228,26): warning C4305: 'initializing': truncation from 'double' to 'float'
E:\University\Github\Advanced-Graphics-and-Real-Time-Rendering\ParticleModel.h(232,25): warning C4305: 'initializing': truncation from 'double' to 'float'
  ParticleModel.cpp
E:\University\Github\Advanced-Graphics-and-Real-Time-Rendering\Structures.h(124,7): warning C4244: '=': conversion from 'int' to 'float', possible loss of data
E:\University\Github\Advanced-Graphics-and-Real-Time-Rendering\Structures.h(125,7): warning C4244: '=': conversion from 'int' to 'float', possible loss of data
E:\University\Github\Advanced-Graphics-and-Real-Time-Rendering\Structures.h(126,7): warning C4244: '=': conversion from 'int' to 'float', possible loss of data
E:\University\Github\Advanced-Graphics-and-Real-Time-Rendering\RigidBody.h(44,19): warning C4305: 'initializing': truncation from 'double' to 'float'
E:\University\Github\Advanced-Graphics-and-Real-Time-Rendering\ParticleModel.h(220,26): warning C4305: 'initializing': truncation from 'double' to 'float'
E:\University\Github\Advanced-Graphics-and-Real-Time-Rendering\ParticleModel.h(228,26): warning C4305: 'initializing': truncation from 'double' to 'float'
E:\University\Github\Advanced-Graphics-and-Real-Time-Rendering\ParticleModel.h(232,25): warning C4305: 'initializing': truncation from 'double' to 'float'
E:\University\Github\Advanced-Graphics-and-Real-Time-Rendering\ParticleModel.cpp(136,58): warning C4244: 'argument': conversion from 'double' to 'float', possible loss of data
E:\University\Github\Advanced-Graphics-and-Real-Time-Rendering\ParticleModel.cpp(140,21): warning C4305: 'initializing': truncation from 'double' to 'float'
E:\University\Github\Advanced-Graphics-and-Real-Time-Rendering\ParticleModel.cpp(189,122): warning C4244: 'argument': conversion from 'double' to 'float', possible loss of data
E:\University\Github\Advanced-Graphics-and-Real-Time-Rendering\ParticleModel.cpp(193,122): warning C4244: 'argument': conversion from 'double' to 'float', possible loss of data
E:\University\Github\Advanced-Graphics-and-Real-Time-Rendering\ParticleModel.cpp(197,122): warning C4244: 'argument': conversion from 'double' to 'float', possible loss of data
  PhysicalObject.cpp
E:\University\Github\Advanced-Graphics-and-Real-Time-Rendering\Structures.h(124,7): warning C4244: '=': conversion from 'int' to 'float', possible loss of data
E:\University\Github\Advanced-Graphics-and-Real-Time-Rendering\Structures.h(125,7): warning C4244: '=': conversion from 'int' to 'float', possible loss of data
E:\University\Github\Advanced-Graphics-and-Real-Time-Rendering\Structures.h(126,7): warning C4244: '=': conversion from 'int' to 'float', possible loss of data
  Vector3D.cpp
E:\University\Github\Advanced-Graphics-and-Real-Time-Rendering\Vector3D.cpp(19,8): warning C4244: '=': conversion from 'double' to 'float', possible loss of data
E:\University\Github\Advanced-Graphics-and-Real-Time-Rendering\Vector3D.cpp(20,8): warning C4244: '=': conversion from 'double' to 'float', possible loss of data
E:\University\Github\Advanced-Graphics-and-Real-Time-Rendering\Vector3D.cpp(21,8): warning C4244: '=': conversion from 'double' to 'float', possible loss of data
E:\University\Github\Advanced-Graphics-and-Real-Time-Rendering\Vector3D.cpp(27,8): warning C4244: '=': conversion from 'int' to 'float', possible loss of data
E:\University\Github\Advanced-Graphics-and-Real-Time-Rendering\Vector3D.cpp(28,8): warning C4244: '=': conversion from 'int' to 'float', possible loss of data
E:\University\Github\Advanced-Graphics-and-Real-Time-Rendering\Vector3D.cpp(29,8): warning C4244: '=': conversion from 'int' to 'float', possible loss of data
E:\University\Github\Advanced-Graphics-and-Real-Time-Rendering\Vector3D.cpp(34,8): warning C4244: '=': conversion from 'UINT' to 'float', possible loss of data
E:\University\Github\Advanced-Graphics-and-Real-Time-Rendering\Vector3D.cpp(35,8): warning C4244: '=': conversion from 'UINT' to 'float', possible loss of data
E:\University\Github\Advanced-Graphics-and-Real-Time-Rendering\Vector3D.cpp(36,8): warning C4244: '=': conversion from 'UINT' to 'float', possible loss of data
  Generating Code...
E:\University\Github\Advanced-Graphics-and-Real-Time-Rendering\Vector3D.cpp(226): warning C4172: returning address of local variable or temporary: t
E:\University\Github\Advanced-Graphics-and-Real-Time-Rendering\Vector3D.cpp(237): warning C4172: returning address of local variable or temporary: t
E:\University\Github\Advanced-Graphics-and-Real-Time-Rendering\Vector3D.cpp(248): warning C4172: returning address of local variable or temporary: t
E:\University\Github\Advanced-Graphics-and-Real-Time-Rendering\Vector3D.cpp(258): warning C4172: returning address of local variable or temporary: t
E:\University\Github\Advanced-Graphics-and-Real-Time-Rendering\Vector3D.cpp(251): warning C4172: returning address of local variable or temporary: f
E:\University\Github\Advanced-Graphics-and-Real-Time-Rendering\Vector3D.cpp(240): warning C4172: returning address of local variable or temporary: f
E:\University\Github\Advanced-Graphics-and-Real-Time-Rendering\Vector3D.cpp(229): warning C4172: returning address of local variable or temporary: f
E:\University\Github\Advanced-Graphics-and-Real-Time-Rendering\Vector3D.cpp(261): warning C4172: returning address of local variable or temporary: f
libcpmtd.lib(xlocale.obj) : error LNK2001: unresolved external symbol _CrtDbgReport
libconcrtd.lib(TaskCollection.obj) : error LNK2001: unresolved external symbol _CrtDbgReport
libconcrtd.lib(Chores.obj) : error LNK2001: unresolved external symbol _CrtDbgReport
libcpmtd.lib(thread0.obj) : error LNK2001: unresolved external symbol _CrtDbgReport
Vector3D.obj : error LNK2001: unresolved external symbol _CrtDbgReport
libcpmtd.lib(xtime.obj) : error LNK2001: unresolved external symbol _CrtDbgReport
libcpmtd.lib(locale.obj) : error LNK2001: unresolved external symbol _CrtDbgReport
libcpmtd.lib(wlocale.obj) : error LNK2001: unresolved external symbol _CrtDbgReport
ParticleModel.obj : error LNK2001: unresolved external symbol _CrtDbgReport
PhysicalObject.obj : error LNK2001: unresolved external symbol _CrtDbgReport
SystemManager.obj : error LNK2001: unresolved external symbol _CrtDbgReport
Vector2.obj : error LNK2001: unresolved external symbol _CrtDbgReport
Debug.obj : error LNK2001: unresolved external symbol _CrtDbgReport
Flotilla.obj : error LNK2001: unresolved external symbol _CrtDbgReport
GameObject.obj : error LNK2001: unresolved external symbol _CrtDbgReport
main.obj : error LNK2001: unresolved external symbol _CrtDbgReport
libcpmtd.lib(StlCompareStringA.obj) : error LNK2001: unresolved external symbol _free_dbg
libcpmtd.lib(cond.obj) : error LNK2001: unresolved external symbol _free_dbg
libcpmtd.lib(StlLCMapStringA.obj) : error LNK2001: unresolved external symbol _free_dbg
libcpmtd.lib(wlocale.obj) : error LNK2001: unresolved external symbol _free_dbg
libcpmtd.lib(xlocale.obj) : error LNK2001: unresolved external symbol _free_dbg
libcpmtd.lib(xwcsxfrm.obj) : error LNK2001: unresolved external symbol _free_dbg
main.obj : error LNK2001: unresolved external symbol _free_dbg
libcpmtd.lib(mutex.obj) : error LNK2001: unresolved external symbol _free_dbg
libcpmtd.lib(locale0.obj) : error LNK2001: unresolved external symbol _free_dbg
libcpmtd.lib(locale.obj) : error LNK2001: unresolved external symbol _free_dbg
libcpmtd.lib(wlocale.obj) : error LNK2001: unresolved external symbol _malloc_dbg
libcpmtd.lib(xlocale.obj) : error LNK2001: unresolved external symbol _malloc_dbg
libcpmtd.lib(xwcsxfrm.obj) : error LNK2001: unresolved external symbol _malloc_dbg
libcpmtd.lib(StlCompareStringA.obj) : error LNK2001: unresolved external symbol _malloc_dbg
main.obj : error LNK2001: unresolved external symbol _malloc_dbg
libcpmtd.lib(locale0.obj) : error LNK2001: unresolved external symbol _malloc_dbg
libcpmtd.lib(locale.obj) : error LNK2001: unresolved external symbol _malloc_dbg
libcpmtd.lib(StlLCMapStringA.obj) : error LNK2001: unresolved external symbol _malloc_dbg
libcpmtd.lib(xlocale.obj) : error LNK2001: unresolved external symbol _calloc_dbg
libcpmtd.lib(cond.obj) : error LNK2001: unresolved external symbol _calloc_dbg
libcpmtd.lib(mutex.obj) : error LNK2001: unresolved external symbol _calloc_dbg
libcpmtd.lib(_tolower.obj) : error LNK2001: unresolved external symbol _calloc_dbg
libcpmtd.lib(locale.obj) : error LNK2001: unresolved external symbol _calloc_dbg
libcpmtd.lib(wlocale.obj) : error LNK2001: unresolved external symbol _calloc_dbg
libcpmtd.lib(_tolower.obj) : error LNK2019: unresolved external symbol _wcsdup_dbg referenced in function _Getctype
libcpmtd.lib(xstrcoll.obj) : error LNK2001: unresolved external symbol _wcsdup_dbg
libcpmtd.lib(locale.obj) : error LNK2019: unresolved external symbol _realloc_dbg referenced in function "private: static void __cdecl std::locale::_Locimp::_Locimp_Addfac(class std::locale::_Locimp *,class std::locale::facet *,unsigned __int64)" (?_Locimp_Addfac@_Locimp@locale@std@@CAXPEAV123@PEAVfacet@23@_K@Z)
libconcrtd.lib(SearchAlgorithms.obj) : error LNK2001: unresolved external symbol _CrtDbgReportW
libconcrtd.lib(location.obj) : error LNK2001: unresolved external symbol _CrtDbgReportW
libconcrtd.lib(UMSBackgroundPoller.obj) : error LNK2001: unresolved external symbol _CrtDbgReportW
libconcrtd.lib(UMSFreeVirtualProcessorRoot.obj) : error LNK2001: unresolved external symbol _CrtDbgReportW
libconcrtd.lib(FreeVirtualProcessorRoot.obj) : error LNK2001: unresolved external symbol _CrtDbgReportW
libconcrtd.lib(FreeThreadProxy.obj) : error LNK2001: unresolved external symbol _CrtDbgReportW
libconcrtd.lib(ThreadProxy.obj) : error LNK2001: unresolved external symbol _CrtDbgReportW
libconcrtd.lib(UMSFreeThreadProxy.obj) : error LNK2001: unresolved external symbol _CrtDbgReportW
libconcrtd.lib(TaskCollectionBase.obj) : error LNK2001: unresolved external symbol _CrtDbgReportW
libconcrtd.lib(WorkQueue.obj) : error LNK2001: unresolved external symbol _CrtDbgReportW
libconcrtd.lib(Chores.obj) : error LNK2001: unresolved external symbol _CrtDbgReportW
libconcrtd.lib(VirtualProcessorRoot.obj) : error LNK2001: unresolved external symbol _CrtDbgReportW
libconcrtd.lib(UMSThreadVirtualProcessor.obj) : error LNK2001: unresolved external symbol _CrtDbgReportW
libconcrtd.lib(UMSThreadInternalContext.obj) : error LNK2001: unresolved external symbol _CrtDbgReportW
libconcrtd.lib(TransmogrifiedPrimary.obj) : error LNK2001: unresolved external symbol _CrtDbgReportW
libconcrtd.lib(Transmogrificator.obj) : error LNK2001: unresolved external symbol _CrtDbgReportW
libconcrtd.lib(ScheduleGroupBase.obj) : error LNK2001: unresolved external symbol _CrtDbgReportW
libconcrtd.lib(CacheLocalScheduleGroup.obj) : error LNK2001: unresolved external symbol _CrtDbgReportW
libconcrtd.lib(FairScheduleGroup.obj) : error LNK2001: unresolved external symbol _CrtDbgReportW
libconcrtd.lib(ExternalContextBase.obj) : error LNK2001: unresolved external symbol _CrtDbgReportW
libconcrtd.lib(VirtualProcessor.obj) : error LNK2001: unresolved external symbol _CrtDbgReportW
libconcrtd.lib(SchedulingNode.obj) : error LNK2001: unresolved external symbol _CrtDbgReportW
libconcrtd.lib(SubAllocator.obj) : error LNK2001: unresolved external symbol _CrtDbgReportW
libconcrtd.lib(SchedulingRing.obj) : error LNK2001: unresolved external symbol _CrtDbgReportW
libconcrtd.lib(SchedulerProxy.obj) : error LNK2001: unresolved external symbol _CrtDbgReportW
libconcrtd.lib(WinRTWrapper.obj) : error LNK2001: unresolved external symbol _CrtDbgReportW
libconcrtd.lib(ThreadProxyFactoryManager.obj) : error LNK2001: unresolved external symbol _CrtDbgReportW
libconcrtd.lib(InternalContextBase.obj) : error LNK2001: unresolved external symbol _CrtDbgReportW
libconcrtd.lib(TaskCollection.obj) : error LNK2001: unresolved external symbol _CrtDbgReportW
libconcrtd.lib(SchedulerPolicyBase.obj) : error LNK2001: unresolved external symbol _CrtDbgReportW
libconcrtd.lib(ExecutionResource.obj) : error LNK2001: unresolved external symbol _CrtDbgReportW
libconcrtd.lib(HillClimbing.obj) : error LNK2001: unresolved external symbol _CrtDbgReportW
libconcrtd.lib(UMSWrapper.obj) : error LNK2001: unresolved external symbol _CrtDbgReportW
libconcrtd.lib(event.obj) : error LNK2001: unresolved external symbol _CrtDbgReportW
libconcrtd.lib(UMSThreadProxy.obj) : error LNK2001: unresolved external symbol _CrtDbgReportW
libconcrtd.lib(ContextBase.obj) : error LNK2001: unresolved external symbol _CrtDbgReportW
libconcrtd.lib(Platform.obj) : error LNK2001: unresolved external symbol _CrtDbgReportW
libconcrtd.lib(utils.obj) : error LNK2001: unresolved external symbol _CrtDbgReportW
libconcrtd.lib(ResourceManager.obj) : error LNK2001: unresolved external symbol _CrtDbgReportW
libconcrtd.lib(SchedulerBase.obj) : error LNK2001: unresolved external symbol _CrtDbgReportW
libcpmtd.lib(StlLCMapStringA.obj) : error LNK2001: unresolved external symbol _CrtDbgReportW
libcpmtd.lib(xmbtowc.obj) : error LNK2001: unresolved external symbol _CrtDbgReportW
libcpmtd.lib(StlCompareStringA.obj) : error LNK2001: unresolved external symbol _CrtDbgReportW
libconcrtd.lib(rtlocks.obj) : error LNK2001: unresolved external symbol _CrtDbgReportW
libconcrtd.lib(SubAllocator.obj) : error LNK2019: unresolved external symbol _CrtIsValidHeapPointer referenced in function "private: bool __cdecl Concurrency::details::SubAllocator::InitAndCheckBlockOnAlloc(union Concurrency::details::AllocationEntry *,unsigned __int64)" (?InitAndCheckBlockOnAlloc@SubAllocator@details@Concurrency@@AEAA_NPEATAllocationEntry@23@_K@Z)
E:\University\Github\Advanced-Graphics-and-Real-Time-Rendering\x64\Debug\Tutorial01.exe : fatal error LNK1120: 8 unresolved externals
